[2023-09-13 14:58:40,628] INFO in _internal: _log : 186 : [31m[1mWARNING: This is a development server. Do not use it in a production deployment. Use a production WSGI server instead.[0m
 * Running on http://127.0.0.1:5000
[2023-09-13 14:58:40,631] INFO in _internal: _log : 186 : [33mPress CTRL+C to quit[0m
[2023-09-13 14:58:40,635] INFO in _internal: _log : 186 :  * Restarting with stat
[2023-09-13 14:58:45,489] WARNING in _internal: _log : 186 :  * Debugger is active!
[2023-09-13 14:58:45,499] INFO in _internal: _log : 186 :  * Debugger PIN: 105-444-357
[2023-09-13 16:16:55,955] INFO in _internal: _log : 186 :  * Detected change in 'c:\\Users\\intel\\source\\repos\\WebApps\\python\\estimator-api\\app.py', reloading
[2023-09-13 16:16:56,379] INFO in _internal: _log : 186 :  * Restarting with stat
[2023-09-13 16:17:03,604] WARNING in _internal: _log : 186 :  * Debugger is active!
[2023-09-13 16:17:03,613] INFO in _internal: _log : 186 :  * Debugger PIN: 105-444-357
[2023-09-13 16:18:14,454] INFO in _internal: _log : 186 :  * Detected change in 'c:\\Users\\intel\\source\\repos\\WebApps\\python\\estimator-api\\app.py', reloading
[2023-09-13 16:18:14,591] INFO in _internal: _log : 186 :  * Restarting with stat
[2023-09-13 16:18:20,956] WARNING in _internal: _log : 186 :  * Debugger is active!
[2023-09-13 16:18:20,965] INFO in _internal: _log : 186 :  * Debugger PIN: 105-444-357
[2023-09-13 16:19:07,616] INFO in _internal: _log : 186 :  * Detected change in 'c:\\Users\\intel\\source\\repos\\WebApps\\python\\estimator-api\\app.py', reloading
[2023-09-13 16:19:07,704] INFO in _internal: _log : 186 :  * Restarting with stat
[2023-09-13 16:19:14,513] WARNING in _internal: _log : 186 :  * Debugger is active!
[2023-09-13 16:19:14,519] INFO in _internal: _log : 186 :  * Debugger PIN: 105-444-357
[2023-09-13 19:07:30,201] INFO in _internal: _log : 186 : [31m[1mWARNING: This is a development server. Do not use it in a production deployment. Use a production WSGI server instead.[0m
 * Running on http://127.0.0.1:5000
[2023-09-13 19:07:30,201] INFO in _internal: _log : 186 : [33mPress CTRL+C to quit[0m
[2023-09-13 19:07:30,207] INFO in _internal: _log : 186 :  * Restarting with stat
[2023-09-13 19:07:36,417] WARNING in _internal: _log : 186 :  * Debugger is active!
[2023-09-13 19:07:36,438] INFO in _internal: _log : 186 :  * Debugger PIN: 105-444-357
[2023-09-13 19:07:52,199] INFO in _internal: _log : 186 : [31m[1mWARNING: This is a development server. Do not use it in a production deployment. Use a production WSGI server instead.[0m
 * Running on http://127.0.0.1:5000
[2023-09-13 19:07:52,200] INFO in _internal: _log : 186 : [33mPress CTRL+C to quit[0m
[2023-09-13 19:07:52,202] INFO in _internal: _log : 186 :  * Restarting with stat
[2023-09-13 19:07:58,012] WARNING in _internal: _log : 186 :  * Debugger is active!
[2023-09-13 19:07:58,019] INFO in _internal: _log : 186 :  * Debugger PIN: 105-444-357
[2023-09-13 19:09:07,628] INFO in app: wrapped : 82 : QAManager Calling function inside wrapper Successfully Executed
[2023-09-13 19:09:07,629] INFO in app: qa_Get_allEst_tables : 1076 : QA_Get All Process Starting
[2023-09-13 19:09:10,630] INFO in app: qa_Get_allEst_tables : 1083 : Record Not Found for the New user
[2023-09-13 19:09:10,635] INFO in _internal: _log : 186 : 127.0.0.1 - - [13/Sep/2023 19:09:10] "GET /Qa_Est_Getall HTTP/1.1" 200 -
[2023-09-13 19:17:02,419] INFO in app: wrapped : 82 : QAManager Calling function inside wrapper Successfully Executed
[2023-09-13 19:17:02,420] INFO in app: qa_Get_allEst_tables : 1076 : QA_Get All Process Starting
[2023-09-13 19:17:05,297] INFO in app: qa_Get_allEst_tables : 1083 : Record Not Found for the New user
[2023-09-13 19:17:05,301] INFO in _internal: _log : 186 : 127.0.0.1 - - [13/Sep/2023 19:17:05] "GET /Qa_Est_Getall HTTP/1.1" 200 -
